2025-07-24 01:01:59,907 [INFO] ocr_processor: Initializing OCR_Processor with config: OCR_Processor_Config(lang='japan', device='cpu', cpu_threads=10, enable_hpi=False, enable_mkldnn=False, use_doc_unwarping=True, use_textline_orientation=False, use_doc_orientation_classify=False, text_det_limit_side_len=64, text_det_limit_type='min', text_det_box_thresh=0.3, text_det_thresh=0.3, text_det_unclip_ratio=1.6)
2025-07-24 01:01:59,908 [INFO] ocr_processor: 語言: japan
2025-07-24 01:01:59,911 [INFO] ocr_processor: 使用文本圖像校正: True
2025-07-24 01:01:59,911 [INFO] ocr_processor: 使用文本行方向判斷: False
2025-07-24 01:01:59,911 [INFO] ocr_processor: 使用文檔方向判斷: False
2025-07-24 01:01:59,911 [INFO] ocr_processor: 文本檢測限制邊長: 64
2025-07-24 01:01:59,911 [INFO] ocr_processor: 文本檢測限制類型: min
2025-07-24 01:01:59,911 [INFO] ocr_processor: 文本檢測框閾值: 0.3
2025-07-24 01:01:59,911 [INFO] ocr_processor: 文本檢測像素閾值: 0.3
2025-07-24 01:01:59,911 [INFO] ocr_processor: 文本檢測擴張係數: 1.6
2025-07-24 01:20:25,498 [INFO] ocr_processor: Initializing OCR_Processor with config: OCR_Processor_Config(lang='japan', device='cpu', cpu_threads=10, enable_hpi=False, enable_mkldnn=False, use_doc_unwarping=True, use_textline_orientation=False, use_doc_orientation_classify=False, text_det_limit_side_len=64, text_det_limit_type='min', text_det_box_thresh=0.3, text_det_thresh=0.3, text_det_unclip_ratio=1.6)
2025-07-24 01:20:25,498 [INFO] ocr_processor: 語言: japan
2025-07-24 01:20:25,498 [INFO] ocr_processor: 使用文本圖像校正: True
2025-07-24 01:20:25,498 [INFO] ocr_processor: 使用文本行方向判斷: False
2025-07-24 01:20:25,498 [INFO] ocr_processor: 使用文檔方向判斷: False
2025-07-24 01:20:25,499 [INFO] ocr_processor: 文本檢測限制邊長: 64
2025-07-24 01:20:25,499 [INFO] ocr_processor: 文本檢測限制類型: min
2025-07-24 01:20:25,499 [INFO] ocr_processor: 文本檢測框閾值: 0.3
2025-07-24 01:20:25,499 [INFO] ocr_processor: 文本檢測像素閾值: 0.3
2025-07-24 01:20:25,499 [INFO] ocr_processor: 文本檢測擴張係數: 1.6
2025-07-24 02:17:43,596 [INFO] ocr_processor: Initializing OCR_Processor with config: OCR_Processor_Config(lang='japan', device='cpu', cpu_threads=10, enable_hpi=False, enable_mkldnn=False, use_doc_unwarping=True, use_textline_orientation=False, use_doc_orientation_classify=False, text_det_limit_side_len=64, text_det_limit_type='min', text_det_box_thresh=0.3, text_det_thresh=0.3, text_det_unclip_ratio=1.6)
2025-07-24 02:17:43,597 [INFO] ocr_processor: 語言: japan
2025-07-24 02:17:43,597 [INFO] ocr_processor: 使用文本圖像校正: True
2025-07-24 02:17:43,598 [INFO] ocr_processor: 使用文本行方向判斷: False
2025-07-24 02:17:43,598 [INFO] ocr_processor: 使用文檔方向判斷: False
2025-07-24 02:17:43,598 [INFO] ocr_processor: 文本檢測限制邊長: 64
2025-07-24 02:17:43,599 [INFO] ocr_processor: 文本檢測限制類型: min
2025-07-24 02:17:43,599 [INFO] ocr_processor: 文本檢測框閾值: 0.3
2025-07-24 02:17:43,599 [INFO] ocr_processor: 文本檢測像素閾值: 0.3
2025-07-24 02:17:43,599 [INFO] ocr_processor: 文本檢測擴張係數: 1.6
